2024-11-23 11:49:34,177 [Worker-4: Loading available Gradle versions] INFO  o.e.b.c.i.u.g.PublishedGradleVersions - Gradle version information cache is up-to-date. Trying to read.
2024-11-23 12:45:31,254 [Worker-56: Launching mavenrun-961cb282-c9bc-413e-b40f-d2e777984ada] INFO  o.eclipse.m2e.core.internal.Bundles - getClasspathEntries(Bundle=org.eclipse.m2e.maven.runtime_3.9.900.20240824-1409 [297])
2024-11-23 12:45:31,266 [Worker-56: Launching mavenrun-961cb282-c9bc-413e-b40f-d2e777984ada] INFO  o.eclipse.m2e.core.internal.Bundles - 	Entry: C:\Users\soumy\.p2\pool\plugins\org.eclipse.m2e.maven.runtime_3.9.900.20240824-1409
2024-11-23 12:45:31,268 [Worker-56: Launching mavenrun-961cb282-c9bc-413e-b40f-d2e777984ada] INFO  o.eclipse.m2e.core.internal.Bundles - 	Entry: C:\Users\soumy\.p2\pool\plugins\org.eclipse.m2e.maven.runtime_3.9.900.20240824-1409\jars\aopalliance-1.0.jar
2024-11-23 12:45:31,269 [Worker-56: Launching mavenrun-961cb282-c9bc-413e-b40f-d2e777984ada] INFO  o.eclipse.m2e.core.internal.Bundles - 	Entry: C:\Users\soumy\.p2\pool\plugins\org.eclipse.m2e.maven.runtime_3.9.900.20240824-1409\jars\guice-5.1.0.jar
2024-11-23 12:45:31,270 [Worker-56: Launching mavenrun-961cb282-c9bc-413e-b40f-d2e777984ada] INFO  o.eclipse.m2e.core.internal.Bundles - 	Entry: C:\Users\soumy\.p2\pool\plugins\org.eclipse.m2e.maven.runtime_3.9.900.20240824-1409\jars\httpclient-4.5.14.jar
2024-11-23 12:45:31,270 [Worker-56: Launching mavenrun-961cb282-c9bc-413e-b40f-d2e777984ada] INFO  o.eclipse.m2e.core.internal.Bundles - 	Entry: C:\Users\soumy\.p2\pool\plugins\org.eclipse.m2e.maven.runtime_3.9.900.20240824-1409\jars\httpcore-4.4.16.jar
2024-11-23 12:45:31,271 [Worker-56: Launching mavenrun-961cb282-c9bc-413e-b40f-d2e777984ada] INFO  o.eclipse.m2e.core.internal.Bundles - 	Entry: C:\Users\soumy\.p2\pool\plugins\org.eclipse.m2e.maven.runtime_3.9.900.20240824-1409\jars\jansi-2.4.1.jar
2024-11-23 12:45:31,271 [Worker-56: Launching mavenrun-961cb282-c9bc-413e-b40f-d2e777984ada] INFO  o.eclipse.m2e.core.internal.Bundles - 	Entry: C:\Users\soumy\.p2\pool\plugins\org.eclipse.m2e.maven.runtime_3.9.900.20240824-1409\jars\jcl-over-slf4j-1.7.36.jar
2024-11-23 12:45:31,272 [Worker-56: Launching mavenrun-961cb282-c9bc-413e-b40f-d2e777984ada] INFO  o.eclipse.m2e.core.internal.Bundles - 	Entry: C:\Users\soumy\.p2\pool\plugins\org.eclipse.m2e.maven.runtime_3.9.900.20240824-1409\jars\maven-artifact-3.9.9.jar
2024-11-23 12:45:31,273 [Worker-56: Launching mavenrun-961cb282-c9bc-413e-b40f-d2e777984ada] INFO  o.eclipse.m2e.core.internal.Bundles - 	Entry: C:\Users\soumy\.p2\pool\plugins\org.eclipse.m2e.maven.runtime_3.9.900.20240824-1409\jars\maven-builder-support-3.9.9.jar
2024-11-23 12:45:31,273 [Worker-56: Launching mavenrun-961cb282-c9bc-413e-b40f-d2e777984ada] INFO  o.eclipse.m2e.core.internal.Bundles - 	Entry: C:\Users\soumy\.p2\pool\plugins\org.eclipse.m2e.maven.runtime_3.9.900.20240824-1409\jars\maven-compat-3.9.9.jar
2024-11-23 12:45:31,274 [Worker-56: Launching mavenrun-961cb282-c9bc-413e-b40f-d2e777984ada] INFO  o.eclipse.m2e.core.internal.Bundles - 	Entry: C:\Users\soumy\.p2\pool\plugins\org.eclipse.m2e.maven.runtime_3.9.900.20240824-1409\jars\maven-core-3.9.9.jar
2024-11-23 12:45:31,275 [Worker-56: Launching mavenrun-961cb282-c9bc-413e-b40f-d2e777984ada] INFO  o.eclipse.m2e.core.internal.Bundles - 	Entry: C:\Users\soumy\.p2\pool\plugins\org.eclipse.m2e.maven.runtime_3.9.900.20240824-1409\jars\maven-embedder-3.9.9.jar
2024-11-23 12:45:31,275 [Worker-56: Launching mavenrun-961cb282-c9bc-413e-b40f-d2e777984ada] INFO  o.eclipse.m2e.core.internal.Bundles - 	Entry: C:\Users\soumy\.p2\pool\plugins\org.eclipse.m2e.maven.runtime_3.9.900.20240824-1409\jars\maven-model-3.9.9.jar
2024-11-23 12:45:31,275 [Worker-56: Launching mavenrun-961cb282-c9bc-413e-b40f-d2e777984ada] INFO  o.eclipse.m2e.core.internal.Bundles - 	Entry: C:\Users\soumy\.p2\pool\plugins\org.eclipse.m2e.maven.runtime_3.9.900.20240824-1409\jars\maven-model-builder-3.9.9.jar
2024-11-23 12:45:31,276 [Worker-56: Launching mavenrun-961cb282-c9bc-413e-b40f-d2e777984ada] INFO  o.eclipse.m2e.core.internal.Bundles - 	Entry: C:\Users\soumy\.p2\pool\plugins\org.eclipse.m2e.maven.runtime_3.9.900.20240824-1409\jars\maven-plugin-api-3.9.9.jar
2024-11-23 12:45:31,277 [Worker-56: Launching mavenrun-961cb282-c9bc-413e-b40f-d2e777984ada] INFO  o.eclipse.m2e.core.internal.Bundles - 	Entry: C:\Users\soumy\.p2\pool\plugins\org.eclipse.m2e.maven.runtime_3.9.900.20240824-1409\jars\maven-repository-metadata-3.9.9.jar
2024-11-23 12:45:31,278 [Worker-56: Launching mavenrun-961cb282-c9bc-413e-b40f-d2e777984ada] INFO  o.eclipse.m2e.core.internal.Bundles - 	Entry: C:\Users\soumy\.p2\pool\plugins\org.eclipse.m2e.maven.runtime_3.9.900.20240824-1409\jars\maven-resolver-api-1.9.22.jar
2024-11-23 12:45:31,278 [Worker-56: Launching mavenrun-961cb282-c9bc-413e-b40f-d2e777984ada] INFO  o.eclipse.m2e.core.internal.Bundles - 	Entry: C:\Users\soumy\.p2\pool\plugins\org.eclipse.m2e.maven.runtime_3.9.900.20240824-1409\jars\maven-resolver-connector-basic-1.9.22.jar
2024-11-23 12:45:31,279 [Worker-56: Launching mavenrun-961cb282-c9bc-413e-b40f-d2e777984ada] INFO  o.eclipse.m2e.core.internal.Bundles - 	Entry: C:\Users\soumy\.p2\pool\plugins\org.eclipse.m2e.maven.runtime_3.9.900.20240824-1409\jars\maven-resolver-impl-1.9.22.jar
2024-11-23 12:45:31,279 [Worker-56: Launching mavenrun-961cb282-c9bc-413e-b40f-d2e777984ada] INFO  o.eclipse.m2e.core.internal.Bundles - 	Entry: C:\Users\soumy\.p2\pool\plugins\org.eclipse.m2e.maven.runtime_3.9.900.20240824-1409\jars\maven-resolver-named-locks-1.9.22.jar
2024-11-23 12:45:31,279 [Worker-56: Launching mavenrun-961cb282-c9bc-413e-b40f-d2e777984ada] INFO  o.eclipse.m2e.core.internal.Bundles - 	Entry: C:\Users\soumy\.p2\pool\plugins\org.eclipse.m2e.maven.runtime_3.9.900.20240824-1409\jars\maven-resolver-provider-3.9.9.jar
2024-11-23 12:45:31,279 [Worker-56: Launching mavenrun-961cb282-c9bc-413e-b40f-d2e777984ada] INFO  o.eclipse.m2e.core.internal.Bundles - 	Entry: C:\Users\soumy\.p2\pool\plugins\org.eclipse.m2e.maven.runtime_3.9.900.20240824-1409\jars\maven-resolver-spi-1.9.22.jar
2024-11-23 12:45:31,280 [Worker-56: Launching mavenrun-961cb282-c9bc-413e-b40f-d2e777984ada] INFO  o.eclipse.m2e.core.internal.Bundles - 	Entry: C:\Users\soumy\.p2\pool\plugins\org.eclipse.m2e.maven.runtime_3.9.900.20240824-1409\jars\maven-resolver-transport-file-1.9.22.jar
2024-11-23 12:45:31,280 [Worker-56: Launching mavenrun-961cb282-c9bc-413e-b40f-d2e777984ada] INFO  o.eclipse.m2e.core.internal.Bundles - 	Entry: C:\Users\soumy\.p2\pool\plugins\org.eclipse.m2e.maven.runtime_3.9.900.20240824-1409\jars\maven-resolver-transport-http-1.9.22.jar
2024-11-23 12:45:31,280 [Worker-56: Launching mavenrun-961cb282-c9bc-413e-b40f-d2e777984ada] INFO  o.eclipse.m2e.core.internal.Bundles - 	Entry: C:\Users\soumy\.p2\pool\plugins\org.eclipse.m2e.maven.runtime_3.9.900.20240824-1409\jars\maven-resolver-transport-wagon-1.9.22.jar
2024-11-23 12:45:31,281 [Worker-56: Launching mavenrun-961cb282-c9bc-413e-b40f-d2e777984ada] INFO  o.eclipse.m2e.core.internal.Bundles - 	Entry: C:\Users\soumy\.p2\pool\plugins\org.eclipse.m2e.maven.runtime_3.9.900.20240824-1409\jars\maven-resolver-util-1.9.22.jar
2024-11-23 12:45:31,281 [Worker-56: Launching mavenrun-961cb282-c9bc-413e-b40f-d2e777984ada] INFO  o.eclipse.m2e.core.internal.Bundles - 	Entry: C:\Users\soumy\.p2\pool\plugins\org.eclipse.m2e.maven.runtime_3.9.900.20240824-1409\jars\maven-settings-3.9.9.jar
2024-11-23 12:45:31,281 [Worker-56: Launching mavenrun-961cb282-c9bc-413e-b40f-d2e777984ada] INFO  o.eclipse.m2e.core.internal.Bundles - 	Entry: C:\Users\soumy\.p2\pool\plugins\org.eclipse.m2e.maven.runtime_3.9.900.20240824-1409\jars\maven-settings-builder-3.9.9.jar
2024-11-23 12:45:31,282 [Worker-56: Launching mavenrun-961cb282-c9bc-413e-b40f-d2e777984ada] INFO  o.eclipse.m2e.core.internal.Bundles - 	Entry: C:\Users\soumy\.p2\pool\plugins\org.eclipse.m2e.maven.runtime_3.9.900.20240824-1409\jars\maven-shared-utils-3.4.2.jar
2024-11-23 12:45:31,282 [Worker-56: Launching mavenrun-961cb282-c9bc-413e-b40f-d2e777984ada] INFO  o.eclipse.m2e.core.internal.Bundles - 	Entry: C:\Users\soumy\.p2\pool\plugins\org.eclipse.m2e.maven.runtime_3.9.900.20240824-1409\jars\org.eclipse.sisu.inject-0.9.0.M3.jar
2024-11-23 12:45:31,282 [Worker-56: Launching mavenrun-961cb282-c9bc-413e-b40f-d2e777984ada] INFO  o.eclipse.m2e.core.internal.Bundles - 	Entry: C:\Users\soumy\.p2\pool\plugins\org.eclipse.m2e.maven.runtime_3.9.900.20240824-1409\jars\org.eclipse.sisu.plexus-0.9.0.M3.jar
2024-11-23 12:45:31,283 [Worker-56: Launching mavenrun-961cb282-c9bc-413e-b40f-d2e777984ada] INFO  o.eclipse.m2e.core.internal.Bundles - 	Entry: C:\Users\soumy\.p2\pool\plugins\org.eclipse.m2e.maven.runtime_3.9.900.20240824-1409\jars\plexus-build-api-0.0.7.jar
2024-11-23 12:45:31,283 [Worker-56: Launching mavenrun-961cb282-c9bc-413e-b40f-d2e777984ada] INFO  o.eclipse.m2e.core.internal.Bundles - 	Entry: C:\Users\soumy\.p2\pool\plugins\org.eclipse.m2e.maven.runtime_3.9.900.20240824-1409\jars\plexus-build-api-1.2.0.jar
2024-11-23 12:45:31,283 [Worker-56: Launching mavenrun-961cb282-c9bc-413e-b40f-d2e777984ada] INFO  o.eclipse.m2e.core.internal.Bundles - 	Entry: C:\Users\soumy\.p2\pool\plugins\org.eclipse.m2e.maven.runtime_3.9.900.20240824-1409\jars\plexus-cipher-2.0.jar
2024-11-23 12:45:31,284 [Worker-56: Launching mavenrun-961cb282-c9bc-413e-b40f-d2e777984ada] INFO  o.eclipse.m2e.core.internal.Bundles - 	Entry: C:\Users\soumy\.p2\pool\plugins\org.eclipse.m2e.maven.runtime_3.9.900.20240824-1409\jars\plexus-classworlds-2.8.0.jar
2024-11-23 12:45:31,284 [Worker-56: Launching mavenrun-961cb282-c9bc-413e-b40f-d2e777984ada] INFO  o.eclipse.m2e.core.internal.Bundles - 	Entry: C:\Users\soumy\.p2\pool\plugins\org.eclipse.m2e.maven.runtime_3.9.900.20240824-1409\jars\plexus-component-annotations-2.1.0.jar
2024-11-23 12:45:31,284 [Worker-56: Launching mavenrun-961cb282-c9bc-413e-b40f-d2e777984ada] INFO  o.eclipse.m2e.core.internal.Bundles - 	Entry: C:\Users\soumy\.p2\pool\plugins\org.eclipse.m2e.maven.runtime_3.9.900.20240824-1409\jars\plexus-interpolation-1.27.jar
2024-11-23 12:45:31,285 [Worker-56: Launching mavenrun-961cb282-c9bc-413e-b40f-d2e777984ada] INFO  o.eclipse.m2e.core.internal.Bundles - 	Entry: C:\Users\soumy\.p2\pool\plugins\org.eclipse.m2e.maven.runtime_3.9.900.20240824-1409\jars\plexus-sec-dispatcher-2.0.jar
2024-11-23 12:45:31,285 [Worker-56: Launching mavenrun-961cb282-c9bc-413e-b40f-d2e777984ada] INFO  o.eclipse.m2e.core.internal.Bundles - 	Entry: C:\Users\soumy\.p2\pool\plugins\org.eclipse.m2e.maven.runtime_3.9.900.20240824-1409\jars\plexus-utils-3.5.1.jar
2024-11-23 12:45:31,285 [Worker-56: Launching mavenrun-961cb282-c9bc-413e-b40f-d2e777984ada] INFO  o.eclipse.m2e.core.internal.Bundles - 	Entry: C:\Users\soumy\.p2\pool\plugins\org.eclipse.m2e.maven.runtime_3.9.900.20240824-1409\jars\plexus-xml-3.0.1.jar
2024-11-23 12:45:31,286 [Worker-56: Launching mavenrun-961cb282-c9bc-413e-b40f-d2e777984ada] INFO  o.eclipse.m2e.core.internal.Bundles - 	Entry: C:\Users\soumy\.p2\pool\plugins\org.eclipse.m2e.maven.runtime_3.9.900.20240824-1409\jars\wagon-file-3.5.3.jar
2024-11-23 12:45:31,286 [Worker-56: Launching mavenrun-961cb282-c9bc-413e-b40f-d2e777984ada] INFO  o.eclipse.m2e.core.internal.Bundles - 	Entry: C:\Users\soumy\.p2\pool\plugins\org.eclipse.m2e.maven.runtime_3.9.900.20240824-1409\jars\wagon-http-3.5.3.jar
2024-11-23 12:45:31,286 [Worker-56: Launching mavenrun-961cb282-c9bc-413e-b40f-d2e777984ada] INFO  o.eclipse.m2e.core.internal.Bundles - 	Entry: C:\Users\soumy\.p2\pool\plugins\org.eclipse.m2e.maven.runtime_3.9.900.20240824-1409\jars\wagon-http-shared-3.5.3.jar
2024-11-23 12:45:31,287 [Worker-56: Launching mavenrun-961cb282-c9bc-413e-b40f-d2e777984ada] INFO  o.eclipse.m2e.core.internal.Bundles - 	Entry: C:\Users\soumy\.p2\pool\plugins\org.eclipse.m2e.maven.runtime_3.9.900.20240824-1409\jars\wagon-provider-api-3.5.3.jar
2024-11-23 12:45:31,289 [Worker-56: Launching mavenrun-961cb282-c9bc-413e-b40f-d2e777984ada] INFO  o.eclipse.m2e.core.internal.Bundles - getClasspathEntries(Bundle=com.google.guava_33.3.0.jre [10])
2024-11-23 12:45:31,290 [Worker-56: Launching mavenrun-961cb282-c9bc-413e-b40f-d2e777984ada] INFO  o.eclipse.m2e.core.internal.Bundles - 	Entry: C:\Users\soumy\.p2\pool\plugins\com.google.guava_33.3.0.jre.jar
2024-11-23 12:45:31,290 [Worker-56: Launching mavenrun-961cb282-c9bc-413e-b40f-d2e777984ada] INFO  o.eclipse.m2e.core.internal.Bundles - getClasspathEntries(Bundle=slf4j.api_2.0.16 [519])
2024-11-23 12:45:31,292 [Worker-56: Launching mavenrun-961cb282-c9bc-413e-b40f-d2e777984ada] INFO  o.eclipse.m2e.core.internal.Bundles - 	Entry: C:\Users\soumy\.p2\pool\plugins\slf4j.api_2.0.16.jar
2024-11-23 12:45:31,292 [Worker-56: Launching mavenrun-961cb282-c9bc-413e-b40f-d2e777984ada] INFO  o.eclipse.m2e.core.internal.Bundles - getClasspathEntries(Bundle=jakarta.inject.jakarta.inject-api_1.0.5 [22])
2024-11-23 12:45:31,292 [Worker-56: Launching mavenrun-961cb282-c9bc-413e-b40f-d2e777984ada] INFO  o.eclipse.m2e.core.internal.Bundles - 	Entry: C:\Users\soumy\.p2\pool\plugins\jakarta.inject.jakarta.inject-api_1.0.5.jar
2024-11-23 12:45:31,292 [Worker-56: Launching mavenrun-961cb282-c9bc-413e-b40f-d2e777984ada] INFO  o.eclipse.m2e.core.internal.Bundles - getClasspathEntries(Bundle=jakarta.annotation-api_1.3.5 [20])
2024-11-23 12:45:31,293 [Worker-56: Launching mavenrun-961cb282-c9bc-413e-b40f-d2e777984ada] INFO  o.eclipse.m2e.core.internal.Bundles - 	Entry: C:\Users\soumy\.p2\pool\plugins\jakarta.annotation-api_1.3.5.jar
2024-11-23 12:45:31,293 [Worker-56: Launching mavenrun-961cb282-c9bc-413e-b40f-d2e777984ada] INFO  o.eclipse.m2e.core.internal.Bundles - getClasspathEntries(Bundle=org.apache.commons.cli_1.9.0 [47])
2024-11-23 12:45:31,293 [Worker-56: Launching mavenrun-961cb282-c9bc-413e-b40f-d2e777984ada] INFO  o.eclipse.m2e.core.internal.Bundles - 	Entry: C:\Users\soumy\.p2\pool\plugins\org.apache.commons.cli_1.9.0.jar
2024-11-23 12:45:31,294 [Worker-56: Launching mavenrun-961cb282-c9bc-413e-b40f-d2e777984ada] INFO  o.eclipse.m2e.core.internal.Bundles - getClasspathEntries(Bundle=org.apache.commons.commons-codec_1.16.0 [50])
2024-11-23 12:45:31,294 [Worker-56: Launching mavenrun-961cb282-c9bc-413e-b40f-d2e777984ada] INFO  o.eclipse.m2e.core.internal.Bundles - 	Entry: C:\Users\soumy\.p2\pool\plugins\org.apache.commons.commons-codec_1.16.0.jar
2024-11-23 12:45:31,294 [Worker-56: Launching mavenrun-961cb282-c9bc-413e-b40f-d2e777984ada] INFO  o.eclipse.m2e.core.internal.Bundles - getClasspathEntries(Bundle=com.google.guava.failureaccess_1.0.2 [11])
2024-11-23 12:45:31,295 [Worker-56: Launching mavenrun-961cb282-c9bc-413e-b40f-d2e777984ada] INFO  o.eclipse.m2e.core.internal.Bundles - 	Entry: C:\Users\soumy\.p2\pool\plugins\com.google.guava.failureaccess_1.0.2.jar
2024-11-23 12:45:31,300 [Worker-56: Launching mavenrun-961cb282-c9bc-413e-b40f-d2e777984ada] INFO  o.e.m.i.launch.MavenLaunchDelegate - Run build in "C:\Users\soumy\AppData\Local\Temp\m2e-archetypeGenerator5465311320570326444":
2024-11-23 12:45:31,306 [Worker-56: Launching mavenrun-961cb282-c9bc-413e-b40f-d2e777984ada] INFO  o.e.m.i.launch.MavenLaunchDelegate -  mvn  -DarchetypeGroupId=org.apache.maven.archetypes -DarchetypeArtifactId=maven-archetype-quickstart -DarchetypeVersion=1.4 -DgroupId=SEGroup -DartifactId=MavenJavaProject -Dversion=0.0.1-SNAPSHOT -Dpackage=SEGroup.MavenJavaProject -DoutputDirectory=C:\Users\soumy\eclipse-workspace\SampleMavenWebProject -Dstyle.color=always -U archetype:generate
